<?xml version="1.0" encoding="UTF-8"?>
<testng-results ignored="0" total="3" passed="3" failed="0" skipped="0">
  <reporter-output>
  </reporter-output>
  <suite started-at="2023-09-20T13:38:16 IST" name="Suite" finished-at="2023-09-20T13:38:28 IST" duration-ms="12071">
    <groups>
    </groups>
    <test started-at="2023-09-20T13:38:16 IST" name="Chrome Test" finished-at="2023-09-20T13:38:26 IST" duration-ms="9339">
      <class name="browsertest.crossbrowser">
        <test-method is-config="true" signature="beforetest(java.lang.String)[pri:0, instance:browsertest.crossbrowser@198b6731]" started-at="2023-09-20T13:38:16 IST" name="beforetest" finished-at="2023-09-20T13:38:24 IST" duration-ms="7656" status="PASS">
          <params>
            <param index="0">
              <value>
                <![CDATA[chrome]]>
              </value>
            </param>
          </params>
          <reporter-output>
          </reporter-output>
        </test-method> <!-- beforetest -->
        <test-method signature="Test()[pri:0, instance:browsertest.crossbrowser@198b6731]" started-at="2023-09-20T13:38:24 IST" name="Test" finished-at="2023-09-20T13:38:26 IST" duration-ms="1618" status="PASS">
          <reporter-output>
          </reporter-output>
        </test-method> <!-- Test -->
        <test-method is-config="true" signature="afterTest()[pri:0, instance:browsertest.crossbrowser@198b6731]" started-at="2023-09-20T13:38:26 IST" name="afterTest" finished-at="2023-09-20T13:38:26 IST" duration-ms="0" status="PASS">
          <reporter-output>
          </reporter-output>
        </test-method> <!-- afterTest -->
      </class> <!-- browsertest.crossbrowser -->
    </test> <!-- Chrome Test -->
    <test started-at="2023-09-20T13:38:16 IST" name="Edge Test" finished-at="2023-09-20T13:38:27 IST" duration-ms="11092">
      <class name="browsertest.crossbrowser">
        <test-method is-config="true" signature="beforetest(java.lang.String)[pri:0, instance:browsertest.crossbrowser@3c9754d8]" started-at="2023-09-20T13:38:16 IST" name="beforetest" finished-at="2023-09-20T13:38:25 IST" duration-ms="8950" status="PASS">
          <params>
            <param index="0">
              <value>
                <![CDATA[edge]]>
              </value>
            </param>
          </params>
          <reporter-output>
          </reporter-output>
        </test-method> <!-- beforetest -->
        <test-method signature="Test()[pri:0, instance:browsertest.crossbrowser@3c9754d8]" started-at="2023-09-20T13:38:25 IST" name="Test" finished-at="2023-09-20T13:38:27 IST" duration-ms="2123" status="PASS">
          <reporter-output>
          </reporter-output>
        </test-method> <!-- Test -->
        <test-method is-config="true" signature="afterTest()[pri:0, instance:browsertest.crossbrowser@3c9754d8]" started-at="2023-09-20T13:38:27 IST" name="afterTest" finished-at="2023-09-20T13:38:27 IST" duration-ms="1" status="PASS">
          <reporter-output>
          </reporter-output>
        </test-method> <!-- afterTest -->
      </class> <!-- browsertest.crossbrowser -->
    </test> <!-- Edge Test -->
    <test started-at="2023-09-20T13:38:16 IST" name="Firefox Test" finished-at="2023-09-20T13:38:28 IST" duration-ms="12070">
      <class name="browsertest.crossbrowser">
        <test-method is-config="true" signature="beforetest(java.lang.String)[pri:0, instance:browsertest.crossbrowser@75d4a5c2]" started-at="2023-09-20T13:38:16 IST" name="beforetest" finished-at="2023-09-20T13:38:27 IST" duration-ms="10343" status="PASS">
          <params>
            <param index="0">
              <value>
                <![CDATA[firefox]]>
              </value>
            </param>
          </params>
          <reporter-output>
          </reporter-output>
        </test-method> <!-- beforetest -->
        <test-method signature="Test()[pri:0, instance:browsertest.crossbrowser@75d4a5c2]" started-at="2023-09-20T13:38:27 IST" name="Test" finished-at="2023-09-20T13:38:28 IST" duration-ms="1708" status="PASS">
          <reporter-output>
          </reporter-output>
        </test-method> <!-- Test -->
        <test-method is-config="true" signature="afterTest()[pri:0, instance:browsertest.crossbrowser@75d4a5c2]" started-at="2023-09-20T13:38:28 IST" name="afterTest" finished-at="2023-09-20T13:38:28 IST" duration-ms="1" status="PASS">
          <reporter-output>
          </reporter-output>
        </test-method> <!-- afterTest -->
      </class> <!-- browsertest.crossbrowser -->
    </test> <!-- Firefox Test -->
  </suite> <!-- Suite -->
</testng-results>
